<?xml version="1.0" encoding="UTF-8"?>
<testng-results ignored="0" total="7" passed="7" failed="0" skipped="0">
  <reporter-output>
  </reporter-output>
  <suite started-at="2024-02-24T04:25:04 IST" name="TestSuite" finished-at="2024-02-24T04:25:39 IST" duration-ms="35630">
    <groups>
    </groups>
    <test started-at="2024-02-24T04:25:04 IST" name="LoginTest" finished-at="2024-02-24T04:25:39 IST" duration-ms="35630">
      <class name="com.capstone.tests.LoginTest">
        <test-method is-config="true" signature="setUp()[pri:0, instance:com.capstone.tests.LoginTest@4803b726]" started-at="2024-02-24T04:25:04 IST" name="setUp" finished-at="2024-02-24T04:25:09 IST" duration-ms="4794" status="PASS">
          <reporter-output>
          </reporter-output>
        </test-method> <!-- setUp -->
        <test-method signature="loginTest(java.lang.String,java.lang.String,java.lang.String,java.lang.String)[pri:0, instance:com.capstone.tests.LoginTest@4803b726]" started-at="2024-02-24T04:25:09 IST" name="loginTest" data-provider="loginData" finished-at="2024-02-24T04:25:09 IST" duration-ms="246" status="PASS">
          <params>
            <param index="0">
              <value>
                <![CDATA[standard_user]]>
              </value>
            </param>
            <param index="1">
              <value>
                <![CDATA[secret_sauce]]>
              </value>
            </param>
            <param index="2">
              <value>
                <![CDATA[Swag Labs]]>
              </value>
            </param>
            <param index="3">
              <value is-null="true"/>
            </param>
          </params>
          <reporter-output>
          </reporter-output>
        </test-method> <!-- loginTest -->
        <test-method is-config="true" signature="tearDown()[pri:0, instance:com.capstone.tests.LoginTest@4803b726]" started-at="2024-02-24T04:25:09 IST" name="tearDown" finished-at="2024-02-24T04:25:10 IST" duration-ms="178" status="PASS">
          <reporter-output>
          </reporter-output>
        </test-method> <!-- tearDown -->
        <test-method is-config="true" signature="setUp()[pri:0, instance:com.capstone.tests.LoginTest@4803b726]" started-at="2024-02-24T04:25:10 IST" name="setUp" finished-at="2024-02-24T04:25:13 IST" duration-ms="3111" status="PASS">
          <reporter-output>
          </reporter-output>
        </test-method> <!-- setUp -->
        <test-method signature="loginTest(java.lang.String,java.lang.String,java.lang.String,java.lang.String)[pri:0, instance:com.capstone.tests.LoginTest@4803b726]" started-at="2024-02-24T04:25:13 IST" name="loginTest" data-provider="loginData" finished-at="2024-02-24T04:25:13 IST" duration-ms="262" status="PASS">
          <params>
            <param index="0">
              <value>
                <![CDATA[problem_user]]>
              </value>
            </param>
            <param index="1">
              <value>
                <![CDATA[secret_sauce]]>
              </value>
            </param>
            <param index="2">
              <value>
                <![CDATA[Swag Labs]]>
              </value>
            </param>
            <param index="3">
              <value is-null="true"/>
            </param>
          </params>
          <reporter-output>
          </reporter-output>
        </test-method> <!-- loginTest -->
        <test-method is-config="true" signature="tearDown()[pri:0, instance:com.capstone.tests.LoginTest@4803b726]" started-at="2024-02-24T04:25:13 IST" name="tearDown" finished-at="2024-02-24T04:25:13 IST" duration-ms="146" status="PASS">
          <reporter-output>
          </reporter-output>
        </test-method> <!-- tearDown -->
        <test-method is-config="true" signature="setUp()[pri:0, instance:com.capstone.tests.LoginTest@4803b726]" started-at="2024-02-24T04:25:13 IST" name="setUp" finished-at="2024-02-24T04:25:16 IST" duration-ms="2823" status="PASS">
          <reporter-output>
          </reporter-output>
        </test-method> <!-- setUp -->
        <test-method signature="loginTest(java.lang.String,java.lang.String,java.lang.String,java.lang.String)[pri:0, instance:com.capstone.tests.LoginTest@4803b726]" started-at="2024-02-24T04:25:16 IST" name="loginTest" data-provider="loginData" finished-at="2024-02-24T04:25:21 IST" duration-ms="5275" status="PASS">
          <params>
            <param index="0">
              <value>
                <![CDATA[performance_glitch_user]]>
              </value>
            </param>
            <param index="1">
              <value>
                <![CDATA[secret_sauce]]>
              </value>
            </param>
            <param index="2">
              <value>
                <![CDATA[Swag Labs]]>
              </value>
            </param>
            <param index="3">
              <value is-null="true"/>
            </param>
          </params>
          <reporter-output>
          </reporter-output>
        </test-method> <!-- loginTest -->
        <test-method is-config="true" signature="tearDown()[pri:0, instance:com.capstone.tests.LoginTest@4803b726]" started-at="2024-02-24T04:25:21 IST" name="tearDown" finished-at="2024-02-24T04:25:21 IST" duration-ms="157" status="PASS">
          <reporter-output>
          </reporter-output>
        </test-method> <!-- tearDown -->
        <test-method is-config="true" signature="setUp()[pri:0, instance:com.capstone.tests.LoginTest@4803b726]" started-at="2024-02-24T04:25:21 IST" name="setUp" finished-at="2024-02-24T04:25:25 IST" duration-ms="4056" status="PASS">
          <reporter-output>
          </reporter-output>
        </test-method> <!-- setUp -->
        <test-method signature="loginTest(java.lang.String,java.lang.String,java.lang.String,java.lang.String)[pri:0, instance:com.capstone.tests.LoginTest@4803b726]" started-at="2024-02-24T04:25:25 IST" name="loginTest" data-provider="loginData" finished-at="2024-02-24T04:25:26 IST" duration-ms="209" status="PASS">
          <params>
            <param index="0">
              <value>
                <![CDATA[error_user]]>
              </value>
            </param>
            <param index="1">
              <value>
                <![CDATA[secret_sauce]]>
              </value>
            </param>
            <param index="2">
              <value>
                <![CDATA[Swag Labs]]>
              </value>
            </param>
            <param index="3">
              <value is-null="true"/>
            </param>
          </params>
          <reporter-output>
          </reporter-output>
        </test-method> <!-- loginTest -->
        <test-method is-config="true" signature="tearDown()[pri:0, instance:com.capstone.tests.LoginTest@4803b726]" started-at="2024-02-24T04:25:26 IST" name="tearDown" finished-at="2024-02-24T04:25:26 IST" duration-ms="136" status="PASS">
          <reporter-output>
          </reporter-output>
        </test-method> <!-- tearDown -->
        <test-method is-config="true" signature="setUp()[pri:0, instance:com.capstone.tests.LoginTest@4803b726]" started-at="2024-02-24T04:25:26 IST" name="setUp" finished-at="2024-02-24T04:25:31 IST" duration-ms="4772" status="PASS">
          <reporter-output>
          </reporter-output>
        </test-method> <!-- setUp -->
        <test-method signature="loginTest(java.lang.String,java.lang.String,java.lang.String,java.lang.String)[pri:0, instance:com.capstone.tests.LoginTest@4803b726]" started-at="2024-02-24T04:25:31 IST" name="loginTest" data-provider="loginData" finished-at="2024-02-24T04:25:31 IST" duration-ms="223" status="PASS">
          <params>
            <param index="0">
              <value>
                <![CDATA[visual_user]]>
              </value>
            </param>
            <param index="1">
              <value>
                <![CDATA[secret_sauce]]>
              </value>
            </param>
            <param index="2">
              <value>
                <![CDATA[Swag Labs]]>
              </value>
            </param>
            <param index="3">
              <value is-null="true"/>
            </param>
          </params>
          <reporter-output>
          </reporter-output>
        </test-method> <!-- loginTest -->
        <test-method is-config="true" signature="tearDown()[pri:0, instance:com.capstone.tests.LoginTest@4803b726]" started-at="2024-02-24T04:25:31 IST" name="tearDown" finished-at="2024-02-24T04:25:31 IST" duration-ms="142" status="PASS">
          <reporter-output>
          </reporter-output>
        </test-method> <!-- tearDown -->
        <test-method is-config="true" signature="setUp()[pri:0, instance:com.capstone.tests.LoginTest@4803b726]" started-at="2024-02-24T04:25:31 IST" name="setUp" finished-at="2024-02-24T04:25:35 IST" duration-ms="4367" status="PASS">
          <reporter-output>
          </reporter-output>
        </test-method> <!-- setUp -->
        <test-method signature="loginTest(java.lang.String,java.lang.String,java.lang.String,java.lang.String)[pri:0, instance:com.capstone.tests.LoginTest@4803b726]" started-at="2024-02-24T04:25:35 IST" name="loginTest" data-provider="loginData" finished-at="2024-02-24T04:25:35 IST" duration-ms="201" status="PASS">
          <params>
            <param index="0">
              <value>
                <![CDATA[locked_out_user]]>
              </value>
            </param>
            <param index="1">
              <value>
                <![CDATA[secret_sauce]]>
              </value>
            </param>
            <param index="2">
              <value>
                <![CDATA[Swag Labs]]>
              </value>
            </param>
            <param index="3">
              <value>
                <![CDATA[Epic sadface: Sorry, this user has been locked out.]]>
              </value>
            </param>
          </params>
          <reporter-output>
          </reporter-output>
        </test-method> <!-- loginTest -->
        <test-method is-config="true" signature="tearDown()[pri:0, instance:com.capstone.tests.LoginTest@4803b726]" started-at="2024-02-24T04:25:35 IST" name="tearDown" finished-at="2024-02-24T04:25:36 IST" duration-ms="166" status="PASS">
          <reporter-output>
          </reporter-output>
        </test-method> <!-- tearDown -->
        <test-method is-config="true" signature="setUp()[pri:0, instance:com.capstone.tests.LoginTest@4803b726]" started-at="2024-02-24T04:25:36 IST" name="setUp" finished-at="2024-02-24T04:25:39 IST" duration-ms="3350" status="PASS">
          <reporter-output>
          </reporter-output>
        </test-method> <!-- setUp -->
        <test-method signature="loginTest(java.lang.String,java.lang.String,java.lang.String,java.lang.String)[pri:0, instance:com.capstone.tests.LoginTest@4803b726]" started-at="2024-02-24T04:25:39 IST" name="loginTest" data-provider="loginData" finished-at="2024-02-24T04:25:39 IST" duration-ms="206" status="PASS">
          <params>
            <param index="0">
              <value>
                <![CDATA[standard_user_invalid]]>
              </value>
            </param>
            <param index="1">
              <value>
                <![CDATA[secret_sauce]]>
              </value>
            </param>
            <param index="2">
              <value>
                <![CDATA[Swag Labs]]>
              </value>
            </param>
            <param index="3">
              <value>
                <![CDATA[Epic sadface: Username and password do not match any user in this service]]>
              </value>
            </param>
          </params>
          <reporter-output>
          </reporter-output>
        </test-method> <!-- loginTest -->
        <test-method is-config="true" signature="tearDown()[pri:0, instance:com.capstone.tests.LoginTest@4803b726]" started-at="2024-02-24T04:25:39 IST" name="tearDown" finished-at="2024-02-24T04:25:39 IST" duration-ms="159" status="PASS">
          <reporter-output>
          </reporter-output>
        </test-method> <!-- tearDown -->
      </class> <!-- com.capstone.tests.LoginTest -->
    </test> <!-- LoginTest -->
  </suite> <!-- TestSuite -->
</testng-results>
