<?xml version="1.0" encoding="UTF-8"?>
<!-- Generated by org.testng.reporters.JUnitXMLReporter -->
<testsuite ignored="0" hostname="DESKTOP-7UBB2ML" failures="0" tests="7" name="LoginTest" time="35.63" errors="0" timestamp="2024-02-24T04:25:39 IST">
  <testcase classname="com.capstone.tests.LoginTest" name="loginTest" time="0.246"/>
  <testcase classname="com.capstone.tests.LoginTest" name="loginTest" time="0.262"/>
  <testcase classname="com.capstone.tests.LoginTest" name="loginTest" time="5.275"/>
  <testcase classname="com.capstone.tests.LoginTest" name="loginTest" time="0.209"/>
  <testcase classname="com.capstone.tests.LoginTest" name="loginTest" time="0.223"/>
  <testcase classname="com.capstone.tests.LoginTest" name="loginTest" time="0.201"/>
  <testcase classname="com.capstone.tests.LoginTest" name="loginTest" time="0.206"/>
</testsuite> <!-- LoginTest -->
